#
# A fatal error has been detected by the Java Runtime Environment:
#
#  EXCEPTION_ACCESS_VIOLATION (0xc0000005) at pc=0x00007ffa89be482b, pid=44608, tid=0x000000000000acd4
#
# JRE version: Java(TM) SE Runtime Environment (8.0_221-b11) (build 1.8.0_221-b11)
# Java VM: Java HotSpot(TM) 64-Bit Server VM (25.221-b11 mixed mode windows-amd64 compressed oops)
# Problematic frame:
# C  [ntdll.dll+0x482b]
#
# Failed to write core dump. Minidumps are not enabled by default on client versions of Windows
#
# If you would like to submit a bug report, please visit:
#   http://bugreport.java.com/bugreport/crash.jsp
# The crash happened outside the Java Virtual Machine in native code.
# See problematic frame for where to report the bug.
#

---------------  T H R E A D  ---------------

Current thread (0x0000000018677800):  JavaThread "Daemon periodic checks" [_thread_in_native, id=44244, stack(0x0000000018f20000,0x0000000019020000)]

siginfo: ExceptionCode=0xc0000005, reading address 0xffffffffffffffff

Registers:
RAX=0x00020000004e0044, RBX=0x00000000c0000035, RCX=0x00000000190146b0, RDX=0x00000000190141c0
RSP=0x0000000019013f90, RBP=0x0000000019013fd0, RSI=0x0000000000000001, RDI=0x0000000000000003
R8 =0x0000000000a6d880, R9 =0x000000001901e650, R10=0x0000000000000000, R11=0x0000000000000246
R12=0x0000000000000080, R13=0x00000000c0100080, R14=0x00000000190141c0, R15=0x00000000190146b0
RIP=0x00007ffa89be482b, EFLAGS=0x0000000000010206

Top of Stack: (sp=0x0000000019013f90)
0x0000000019013f90:   0000000000000000 0000000000000000
0x0000000019013fa0:   0000000000000000 0000000000000000
0x0000000019013fb0:   0000000000000000 0000000000000000
0x0000000019013fc0:   0000000000000000 0000000000000000
0x0000000019013fd0:   0000000000000000 0000000000000000
0x0000000019013fe0:   0000000000000000 0000000000000000
0x0000000019013ff0:   00000000190146b0 0000000000000000
0x0000000019014000:   0000000000000000 0000000000000000
0x0000000019014010:   0000000000000000 0000000000000000
0x0000000019014020:   0000000000000000 0000000000000000
0x0000000019014030:   0000000000000000 00000000190141c0
0x0000000019014040:   0000000000000000 0000000000000000
0x0000000019014050:   0000000000000000 0000000000000000
0x0000000019014060:   0000000000000000 0000000000000000
0x0000000019014070:   0000000000000000 0000000000000000
0x0000000019014080:   0000000000000000 0000000000000000 

Instructions: (pc=0x00007ffa89be482b)
0x00007ffa89be480b:   85 a0 01 00 00 65 48 8b 04 25 60 00 00 00 4c 8b
0x00007ffa89be481b:   f2 48 89 55 68 4c 8b f9 48 89 4d 20 c6 45 01 00
0x00007ffa89be482b:   f7 80 bc 00 00 00 00 00 80 00 0f 85 4b 59 0a 00
0x00007ffa89be483b:   45 33 c0 49 8b d6 49 8b cf e8 d7 21 06 00 84 c0 


Register to memory mapping:

RAX=0x00020000004e0044 is an unknown value
RBX=0x00000000c0000035 is an unknown value
RCX=0x00000000190146b0 is pointing into the stack for thread: 0x0000000018677800
RDX=0x00000000190141c0 is pointing into the stack for thread: 0x0000000018677800
RSP=0x0000000019013f90 is pointing into the stack for thread: 0x0000000018677800
RBP=0x0000000019013fd0 is pointing into the stack for thread: 0x0000000018677800
RSI=0x0000000000000001 is an unknown value
RDI=0x0000000000000003 is an unknown value
R8 =0x0000000000a6d880 is an unknown value
R9 =0x000000001901e650 is pointing into the stack for thread: 0x0000000018677800
R10=0x0000000000000000 is an unknown value
R11=0x0000000000000246 is an unknown value
R12=0x0000000000000080 is an unknown value
R13=0x00000000c0100080 is an unknown value
R14=0x00000000190141c0 is pointing into the stack for thread: 0x0000000018677800
R15=0x00000000190146b0 is pointing into the stack for thread: 0x0000000018677800


Stack: [0x0000000018f20000,0x0000000019020000],  sp=0x0000000019013f90,  free space=975k
Native frames: (J=compiled Java code, j=interpreted, Vv=VM code, C=native code)
C  [ntdll.dll+0x482b]

Java frames: (J=compiled Java code, j=interpreted, Vv=VM code)
J 6074  java.io.WinNTFileSystem.createFileExclusively(Ljava/lang/String;)Z (0 bytes) @ 0x0000000002f49ecf [0x0000000002f49e80+0x4f]
J 6082 C1 java.io.File.createNewFile()Z (44 bytes) @ 0x00000000030f8904 [0x00000000030f8640+0x2c4]
J 6211 C1 org.gradle.cache.internal.DefaultFileLockManager$DefaultFileLock.<init>(Lorg/gradle/cache/internal/DefaultFileLockManager;Ljava/io/File;Lorg/gradle/cache/LockOptions;Ljava/lang/String;Ljava/lang/String;ILorg/gradle/api/Action;)V (246 bytes) @ 0x000000000334e764 [0x000000000334e060+0x704]
J 6136 C1 org.gradle.cache.internal.DefaultFileLockManager.lock(Ljava/io/File;Lorg/gradle/cache/LockOptions;Ljava/lang/String;Ljava/lang/String;Lorg/gradle/api/Action;)Lorg/gradle/cache/FileLock; (124 bytes) @ 0x000000000373ea14 [0x000000000373cd00+0x1d14]
J 6239 C1 org.gradle.cache.internal.OnDemandFileAccess.readFile(Lorg/gradle/internal/Factory;)Ljava/lang/Object; (51 bytes) @ 0x0000000002cadfdc [0x0000000002cadd20+0x2bc]
J 6237 C1 org.gradle.cache.internal.SimpleStateCache.get()Ljava/lang/Object; (18 bytes) @ 0x0000000002caeefc [0x0000000002caed00+0x1fc]
J 6205 C1 org.gradle.cache.internal.FileIntegrityViolationSuppressingPersistentStateCacheDecorator.get()Ljava/lang/Object; (13 bytes) @ 0x0000000003354f44 [0x0000000003354e40+0x104]
J 6204 C1 org.gradle.launcher.daemon.registry.PersistentDaemonRegistry.getAll()Ljava/util/List; (73 bytes) @ 0x00000000033555a4 [0x00000000033553e0+0x1c4]
J 6236 C1 org.gradle.launcher.daemon.server.DaemonRegistryUnavailableExpirationStrategy.checkExpiration()Lorg/gradle/launcher/daemon/server/expiry/DaemonExpirationResult; (143 bytes) @ 0x0000000003484fe4 [0x0000000003484440+0xba4]
J 6121 C1 org.gradle.launcher.daemon.server.expiry.AnyDaemonExpirationStrategy.checkExpiration()Lorg/gradle/launcher/daemon/server/expiry/DaemonExpirationResult; (114 bytes) @ 0x0000000003657d74 [0x0000000003657740+0x634]
J 6235 C1 org.gradle.launcher.daemon.server.MasterExpirationStrategy.checkExpiration()Lorg/gradle/launcher/daemon/server/expiry/DaemonExpirationResult; (10 bytes) @ 0x0000000002cb3184 [0x0000000002cb3080+0x104]
J 6234 C1 org.gradle.launcher.daemon.server.Daemon$DaemonExpirationPeriodicCheck.run()V (116 bytes) @ 0x0000000003488424 [0x0000000003488220+0x204]
J 6282 C2 java.util.concurrent.ScheduledThreadPoolExecutor$ScheduledFutureTask.run()V (59 bytes) @ 0x0000000003b366c0 [0x0000000003b36480+0x240]
j  java.util.concurrent.ThreadPoolExecutor.runWorker(Ljava/util/concurrent/ThreadPoolExecutor$Worker;)V+95
j  java.util.concurrent.ThreadPoolExecutor$Worker.run()V+5
j  org.gradle.internal.concurrent.ThreadFactoryImpl$ManagedThreadRunnable.run()V+7
j  java.lang.Thread.run()V+11
v  ~StubRoutines::call_stub

---------------  P R O C E S S  ---------------

Java Threads: ( => current thread )
  0x000000001804d000 JavaThread "Exec process Thread 4" [_thread_in_native, id=26940, stack(0x0000000022860000,0x0000000022960000)]
  0x0000000018051800 JavaThread "DisconnectableInputStream source reader" daemon [_thread_blocked, id=19484, stack(0x0000000022760000,0x0000000022860000)]
  0x0000000018050800 JavaThread "Exec process Thread 3" [_thread_in_native, id=31868, stack(0x0000000022660000,0x0000000022760000)]
  0x000000001804f000 JavaThread "Exec process Thread 2" [_thread_blocked, id=16788, stack(0x0000000022560000,0x0000000022660000)]
  0x0000000018050000 JavaThread "Exec process" [_thread_in_native, id=43680, stack(0x0000000022460000,0x0000000022560000)]
  0x000000001b3d4800 JavaThread "Cache worker for execution history cache (C:\GIT_REPO\deseases-service\.gradle\6.4.1\executionHistory)" [_thread_blocked, id=15944, stack(0x0000000022160000,0x0000000022260000)]
  0x000000001b3d7800 JavaThread "Execution worker for ':' Thread 7" [_thread_blocked, id=42572, stack(0x0000000022060000,0x0000000022160000)]
  0x000000001b3db000 JavaThread "Execution worker for ':' Thread 6" [_thread_blocked, id=44972, stack(0x0000000021f60000,0x0000000022060000)]
  0x000000001b3d6800 JavaThread "Execution worker for ':' Thread 5" [_thread_blocked, id=16688, stack(0x0000000021e60000,0x0000000021f60000)]
  0x000000001b3d3800 JavaThread "Execution worker for ':' Thread 4" [_thread_blocked, id=33848, stack(0x0000000021d60000,0x0000000021e60000)]
  0x000000001b3d9000 JavaThread "Execution worker for ':' Thread 3" [_thread_blocked, id=34756, stack(0x0000000021c60000,0x0000000021d60000)]
  0x000000001b3d9800 JavaThread "Execution worker for ':' Thread 2" [_thread_blocked, id=22216, stack(0x0000000021b60000,0x0000000021c60000)]
  0x000000001b3d6000 JavaThread "Execution worker for ':'" [_thread_blocked, id=20036, stack(0x0000000021a60000,0x0000000021b60000)]
  0x000000001b3da800 JavaThread "Cache worker for file content cache (C:\GIT_REPO\deseases-service\.gradle\6.4.1\fileContent)" [_thread_blocked, id=22864, stack(0x0000000021960000,0x0000000021a60000)]
  0x000000001b3d5000 JavaThread "Memory manager" [_thread_blocked, id=14904, stack(0x0000000021860000,0x0000000021960000)]
  0x000000001b3d8000 JavaThread "Cache worker for Build Output Cleanup Cache (C:\GIT_REPO\deseases-service\.gradle\buildOutputCleanup)" [_thread_blocked, id=21352, stack(0x0000000021360000,0x0000000021460000)]
  0x000000001b3cc000 JavaThread "Build operations Thread 8" [_thread_blocked, id=2152, stack(0x0000000021260000,0x0000000021360000)]
  0x000000001b3d3000 JavaThread "Build operations Thread 7" [_thread_blocked, id=184, stack(0x0000000021160000,0x0000000021260000)]
  0x000000001b3cf000 JavaThread "Build operations Thread 6" [_thread_blocked, id=41268, stack(0x0000000021060000,0x0000000021160000)]
  0x000000001b3d2000 JavaThread "Build operations Thread 5" [_thread_blocked, id=22736, stack(0x0000000020f60000,0x0000000021060000)]
  0x000000001b3d0800 JavaThread "Build operations Thread 4" [_thread_blocked, id=20028, stack(0x0000000020e60000,0x0000000020f60000)]
  0x000000001b3cd000 JavaThread "Build operations Thread 3" [_thread_blocked, id=12068, stack(0x0000000020d60000,0x0000000020e60000)]
  0x000000001b3d1800 JavaThread "Build operations Thread 2" [_thread_blocked, id=35604, stack(0x0000000020c60000,0x0000000020d60000)]
  0x000000001b3d0000 JavaThread "Build operations" [_thread_blocked, id=18808, stack(0x00000000208f0000,0x00000000209f0000)]
  0x000000001b3cd800 JavaThread "Cache worker for file content cache (C:\Users\Kaushal.Kumar1\.gradle\caches\6.4.1\fileContent)" [_thread_blocked, id=39728, stack(0x000000001f820000,0x000000001f920000)]
  0x0000000019a90000 JavaThread "Cache worker for execution history cache (C:\Users\Kaushal.Kumar1\.gradle\caches\6.4.1\executionHistory)" [_thread_blocked, id=2404, stack(0x000000001e9d0000,0x000000001ead0000)]
  0x0000000019a92800 JavaThread "Cache worker for cache directory md-rule (C:\Users\Kaushal.Kumar1\.gradle\caches\6.4.1\md-rule)" [_thread_blocked, id=28948, stack(0x000000001e8d0000,0x000000001e9d0000)]
  0x0000000019a8f800 JavaThread "Cache worker for cache directory md-supplier (C:\Users\Kaushal.Kumar1\.gradle\caches\6.4.1\md-supplier)" [_thread_blocked, id=43292, stack(0x000000001e7d0000,0x000000001e8d0000)]
  0x0000000019a8e800 JavaThread "Cache worker for checksums cache (C:\GIT_REPO\deseases-service\.gradle\checksums)" [_thread_blocked, id=484, stack(0x000000001d490000,0x000000001d590000)]
  0x0000000019a93000 JavaThread "Cache worker for file hash cache (C:\GIT_REPO\deseases-service\.gradle\6.4.1\fileHashes)" [_thread_blocked, id=13488, stack(0x000000001d390000,0x000000001d490000)]
  0x0000000019a8e000 JavaThread "File watcher consumer" daemon [_thread_blocked, id=41828, stack(0x000000001d090000,0x000000001d190000)]
  0x0000000019a91800 JavaThread "Cache worker for file hash cache (C:\Users\Kaushal.Kumar1\.gradle\caches\6.4.1\fileHashes)" [_thread_blocked, id=37108, stack(0x000000001adf0000,0x000000001aef0000)]
  0x0000000019a8d000 JavaThread "File lock request listener" [_thread_in_native, id=30376, stack(0x000000001acf0000,0x000000001adf0000)]
  0x0000000019a8c800 JavaThread "Cache worker for journal cache (C:\Users\Kaushal.Kumar1\.gradle\caches\journal-1)" [_thread_blocked, id=14956, stack(0x000000001abf0000,0x000000001acf0000)]
  0x000000001874b000 JavaThread "Thread-9" [_thread_blocked, id=43344, stack(0x0000000019920000,0x0000000019a20000)]
  0x0000000018731800 JavaThread "Stdin handler" [_thread_blocked, id=32332, stack(0x0000000019820000,0x0000000019920000)]
  0x0000000018730800 JavaThread "Asynchronous log dispatcher for DefaultDaemonConnection: socket connection from /127.0.0.1:51755 to /127.0.0.1:51756" [_thread_blocked, id=16576, stack(0x0000000019720000,0x0000000019820000)]
  0x0000000018722800 JavaThread "Daemon worker" [_thread_blocked, id=32348, stack(0x0000000019620000,0x0000000019720000)]
  0x0000000018721000 JavaThread "Cancel handler" [_thread_blocked, id=39732, stack(0x0000000019520000,0x0000000019620000)]
  0x00000000186b2000 JavaThread "Handler for socket connection from /127.0.0.1:51755 to /127.0.0.1:51756" [_thread_in_native, id=16500, stack(0x0000000019120000,0x0000000019220000)]
  0x00000000186b0000 JavaThread "Daemon" [_thread_blocked, id=1908, stack(0x0000000019020000,0x0000000019120000)]
=>0x0000000018677800 JavaThread "Daemon periodic checks" [_thread_in_native, id=44244, stack(0x0000000018f20000,0x0000000019020000)]
  0x00000000186bd800 JavaThread "Incoming local TCP Connector on port 51755" [_thread_in_native, id=33028, stack(0x0000000018ce0000,0x0000000018de0000)]
  0x00000000185f9000 JavaThread "Daemon health stats" [_thread_blocked, id=38192, stack(0x00000000189e0000,0x0000000018ae0000)]
  0x00000000160cf800 JavaThread "Service Thread" daemon [_thread_blocked, id=32472, stack(0x0000000016d10000,0x0000000016e10000)]
  0x000000001604d000 JavaThread "C1 CompilerThread3" daemon [_thread_blocked, id=39256, stack(0x0000000016c10000,0x0000000016d10000)]
  0x0000000016045800 JavaThread "C2 CompilerThread2" daemon [_thread_blocked, id=36552, stack(0x0000000016b10000,0x0000000016c10000)]
  0x0000000016041800 JavaThread "C2 CompilerThread1" daemon [_thread_blocked, id=7860, stack(0x0000000016a10000,0x0000000016b10000)]
  0x000000001603d000 JavaThread "C2 CompilerThread0" daemon [_thread_blocked, id=11852, stack(0x0000000016910000,0x0000000016a10000)]
  0x0000000016039800 JavaThread "Attach Listener" daemon [_thread_blocked, id=13740, stack(0x0000000016810000,0x0000000016910000)]
  0x000000001423e000 JavaThread "Signal Dispatcher" daemon [_thread_blocked, id=22328, stack(0x0000000016710000,0x0000000016810000)]
  0x00000000029b9800 JavaThread "Finalizer" daemon [_thread_blocked, id=34292, stack(0x0000000016510000,0x0000000016610000)]
  0x00000000029b6000 JavaThread "Reference Handler" daemon [_thread_blocked, id=30880, stack(0x0000000016410000,0x0000000016510000)]
  0x00000000028c2800 JavaThread "main" [_thread_blocked, id=2484, stack(0x00000000027c0000,0x00000000028c0000)]

Other Threads:
  0x0000000014229800 VMThread [stack: 0x0000000015f10000,0x0000000016010000] [id=24736]
  0x0000000016086800 WatcherThread [stack: 0x0000000016f10000,0x0000000017010000] [id=7596]

VM state:not at safepoint (normal execution)

VM Mutex/Monitor currently owned by a thread: None

heap address: 0x00000000e0000000, size: 512 MB, Compressed Oops mode: 32-bit
Narrow klass base: 0x0000000000000000, Narrow klass shift: 3
Compressed class space size: 1073741824 Address: 0x0000000100000000

Heap:
 PSYoungGen      total 146432K, used 101277K [0x00000000f5580000, 0x0000000100000000, 0x0000000100000000)
  eden space 145920K, 69% used [0x00000000f5580000,0x00000000fb7f7680,0x00000000fe400000)
  from space 512K, 87% used [0x00000000fe400000,0x00000000fe470000,0x00000000fe480000)
  to   space 15872K, 0% used [0x00000000ff080000,0x00000000ff080000,0x0000000100000000)
 ParOldGen       total 175104K, used 32788K [0x00000000e0000000, 0x00000000eab00000, 0x00000000f5580000)
  object space 175104K, 18% used [0x00000000e0000000,0x00000000e2005180,0x00000000eab00000)
 Metaspace       used 45576K, capacity 47922K, committed 48256K, reserved 1091584K
  class space    used 6457K, capacity 6926K, committed 7040K, reserved 1048576K

Card table byte_map: [0x0000000011d80000,0x0000000011e90000] byte_map_base: 0x0000000011680000

Marking Bits: (ParMarkBitMap*) 0x0000000062af5ce0
 Begin Bits: [0x0000000012740000, 0x0000000012f40000)
 End Bits:   [0x0000000012f40000, 0x0000000013740000)

Polling page: 0x00000000026d0000

CodeCache: size=245760Kb used=18318Kb max_used=18334Kb free=227441Kb
 bounds [0x00000000029c0000, 0x0000000003bd0000, 0x00000000119c0000]
 total_blobs=6202 nmethods=5478 adapters=635
 compilation: enabled

Compilation events (10 events):
Event: 102103.000 Thread 0x000000001604d000 6370 % !   3       java.util.concurrent.ThreadPoolExecutor::runWorker @ 21 (225 bytes)
Event: 102104.466 Thread 0x000000001604d000 nmethod 6370% 0x0000000003b6ed10 code [0x0000000003b6f020, 0x0000000003b70b68]
Event: 102104.540 Thread 0x000000001604d000 6371   !   3       java.util.concurrent.ThreadPoolExecutor::runWorker (225 bytes)
Event: 102104.543 Thread 0x000000001604d000 nmethod 6371 0x0000000003b93090 code [0x0000000003b933a0, 0x0000000003b94f38]
Event: 102104.557 Thread 0x000000001603d000 6372       4       java.util.concurrent.ThreadPoolExecutor$Worker::tryAcquire (20 bytes)
Event: 102104.558 Thread 0x0000000016041800 6373       4       java.util.concurrent.ThreadPoolExecutor$Worker::tryRelease (12 bytes)
Event: 102104.559 Thread 0x0000000016041800 nmethod 6373 0x0000000003448250 code [0x0000000003448380, 0x00000000034483f8]
Event: 102104.559 Thread 0x000000001603d000 nmethod 6372 0x000000000326ae50 code [0x000000000326af80, 0x000000000326b038]
Event: 102104.564 Thread 0x0000000016045800 6374 % !   4       java.util.concurrent.ThreadPoolExecutor::runWorker @ 21 (225 bytes)
Event: 102104.585 Thread 0x0000000016045800 nmethod 6374% 0x0000000003b6e010 code [0x0000000003b6e1c0, 0x0000000003b6e750]

GC Heap History (10 events):
Event: 9.162 GC heap before
{Heap before GC invocations=9 (full 2):
 PSYoungGen      total 131072K, used 8432K [0x00000000f5580000, 0x0000000100000000, 0x0000000100000000)
  eden space 118784K, 0% used [0x00000000f5580000,0x00000000f5580000,0x00000000fc980000)
  from space 12288K, 68% used [0x00000000fc980000,0x00000000fd1bc0d0,0x00000000fd580000)
  to   space 12288K, 0% used [0x00000000ff400000,0x00000000ff400000,0x0000000100000000)
 ParOldGen       total 175104K, used 6958K [0x00000000e0000000, 0x00000000eab00000, 0x00000000f5580000)
  object space 175104K, 3% used [0x00000000e0000000,0x00000000e06cba10,0x00000000eab00000)
 Metaspace       used 34473K, capacity 35426K, committed 35496K, reserved 1079296K
  class space    used 4830K, capacity 5084K, committed 5120K, reserved 1048576K
Event: 9.241 GC heap after
Heap after GC invocations=9 (full 2):
 PSYoungGen      total 131072K, used 0K [0x00000000f5580000, 0x0000000100000000, 0x0000000100000000)
  eden space 118784K, 0% used [0x00000000f5580000,0x00000000f5580000,0x00000000fc980000)
  from space 12288K, 0% used [0x00000000fc980000,0x00000000fc980000,0x00000000fd580000)
  to   space 12288K, 0% used [0x00000000ff400000,0x00000000ff400000,0x0000000100000000)
 ParOldGen       total 175104K, used 14789K [0x00000000e0000000, 0x00000000eab00000, 0x00000000f5580000)
  object space 175104K, 8% used [0x00000000e0000000,0x00000000e0e71698,0x00000000eab00000)
 Metaspace       used 34473K, capacity 35426K, committed 35496K, reserved 1079296K
  class space    used 4830K, capacity 5084K, committed 5120K, reserved 1048576K
}
Event: 12.039 GC heap before
{Heap before GC invocations=10 (full 2):
 PSYoungGen      total 131072K, used 118784K [0x00000000f5580000, 0x0000000100000000, 0x0000000100000000)
  eden space 118784K, 100% used [0x00000000f5580000,0x00000000fc980000,0x00000000fc980000)
  from space 12288K, 0% used [0x00000000fc980000,0x00000000fc980000,0x00000000fd580000)
  to   space 12288K, 0% used [0x00000000ff400000,0x00000000ff400000,0x0000000100000000)
 ParOldGen       total 175104K, used 14789K [0x00000000e0000000, 0x00000000eab00000, 0x00000000f5580000)
  object space 175104K, 8% used [0x00000000e0000000,0x00000000e0e71698,0x00000000eab00000)
 Metaspace       used 39334K, capacity 40958K, committed 41216K, reserved 1085440K
  class space    used 5638K, capacity 6024K, committed 6144K, reserved 1048576K
Event: 12.058 GC heap after
Heap after GC invocations=10 (full 2):
 PSYoungGen      total 162304K, used 10079K [0x00000000f5580000, 0x0000000100000000, 0x0000000100000000)
  eden space 150016K, 0% used [0x00000000f5580000,0x00000000f5580000,0x00000000fe800000)
  from space 12288K, 82% used [0x00000000ff400000,0x00000000ffdd7ef8,0x0000000100000000)
  to   space 12288K, 0% used [0x00000000fe800000,0x00000000fe800000,0x00000000ff400000)
 ParOldGen       total 175104K, used 14789K [0x00000000e0000000, 0x00000000eab00000, 0x00000000f5580000)
  object space 175104K, 8% used [0x00000000e0000000,0x00000000e0e71698,0x00000000eab00000)
 Metaspace       used 39334K, capacity 40958K, committed 41216K, reserved 1085440K
  class space    used 5638K, capacity 6024K, committed 6144K, reserved 1048576K
}
Event: 16.278 GC heap before
{Heap before GC invocations=11 (full 2):
 PSYoungGen      total 162304K, used 160095K [0x00000000f5580000, 0x0000000100000000, 0x0000000100000000)
  eden space 150016K, 100% used [0x00000000f5580000,0x00000000fe800000,0x00000000fe800000)
  from space 12288K, 82% used [0x00000000ff400000,0x00000000ffdd7ef8,0x0000000100000000)
  to   space 12288K, 0% used [0x00000000fe800000,0x00000000fe800000,0x00000000ff400000)
 ParOldGen       total 175104K, used 14789K [0x00000000e0000000, 0x00000000eab00000, 0x00000000f5580000)
  object space 175104K, 8% used [0x00000000e0000000,0x00000000e0e71698,0x00000000eab00000)
 Metaspace       used 44288K, capacity 46318K, committed 46464K, reserved 1089536K
  class space    used 6322K, capacity 6760K, committed 6784K, reserved 1048576K
Event: 16.316 GC heap after
Heap after GC invocations=11 (full 2):
 PSYoungGen      total 162304K, used 12256K [0x00000000f5580000, 0x0000000100000000, 0x0000000100000000)
  eden space 150016K, 0% used [0x00000000f5580000,0x00000000f5580000,0x00000000fe800000)
  from space 12288K, 99% used [0x00000000fe800000,0x00000000ff3f8030,0x00000000ff400000)
  to   space 12288K, 0% used [0x00000000ff400000,0x00000000ff400000,0x0000000100000000)
 ParOldGen       total 175104K, used 18834K [0x00000000e0000000, 0x00000000eab00000, 0x00000000f5580000)
  object space 175104K, 10% used [0x00000000e0000000,0x00000000e1264a10,0x00000000eab00000)
 Metaspace       used 44288K, capacity 46318K, committed 46464K, reserved 1089536K
  class space    used 6322K, capacity 6760K, committed 6784K, reserved 1048576K
}
Event: 4283.746 GC heap before
{Heap before GC invocations=12 (full 2):
 PSYoungGen      total 162304K, used 162272K [0x00000000f5580000, 0x0000000100000000, 0x0000000100000000)
  eden space 150016K, 100% used [0x00000000f5580000,0x00000000fe800000,0x00000000fe800000)
  from space 12288K, 99% used [0x00000000fe800000,0x00000000ff3f8030,0x00000000ff400000)
  to   space 12288K, 0% used [0x00000000ff400000,0x00000000ff400000,0x0000000100000000)
 ParOldGen       total 175104K, used 18834K [0x00000000e0000000, 0x00000000eab00000, 0x00000000f5580000)
  object space 175104K, 10% used [0x00000000e0000000,0x00000000e1264a10,0x00000000eab00000)
 Metaspace       used 45567K, capacity 47922K, committed 48256K, reserved 1091584K
  class space    used 6457K, capacity 6926K, committed 7040K, reserved 1048576K
Event: 4284.023 GC heap after
Heap after GC invocations=12 (full 2):
 PSYoungGen      total 158208K, used 8848K [0x00000000f5580000, 0x0000000100000000, 0x0000000100000000)
  eden space 145920K, 0% used [0x00000000f5580000,0x00000000f5580000,0x00000000fe400000)
  from space 12288K, 72% used [0x00000000ff400000,0x00000000ffca4010,0x0000000100000000)
  to   space 14336K, 0% used [0x00000000fe400000,0x00000000fe400000,0x00000000ff200000)
 ParOldGen       total 175104K, used 24728K [0x00000000e0000000, 0x00000000eab00000, 0x00000000f5580000)
  object space 175104K, 14% used [0x00000000e0000000,0x00000000e1826150,0x00000000eab00000)
 Metaspace       used 45567K, capacity 47922K, committed 48256K, reserved 1091584K
  class space    used 6457K, capacity 6926K, committed 7040K, reserved 1048576K
}
Event: 18187.357 GC heap before
{Heap before GC invocations=13 (full 2):
 PSYoungGen      total 158208K, used 154768K [0x00000000f5580000, 0x0000000100000000, 0x0000000100000000)
  eden space 145920K, 100% used [0x00000000f5580000,0x00000000fe400000,0x00000000fe400000)
  from space 12288K, 72% used [0x00000000ff400000,0x00000000ffca4010,0x0000000100000000)
  to   space 14336K, 0% used [0x00000000fe400000,0x00000000fe400000,0x00000000ff200000)
 ParOldGen       total 175104K, used 24728K [0x00000000e0000000, 0x00000000eab00000, 0x00000000f5580000)
  object space 175104K, 14% used [0x00000000e0000000,0x00000000e1826150,0x00000000eab00000)
 Metaspace       used 45573K, capacity 47922K, committed 48256K, reserved 1091584K
  class space    used 6457K, capacity 6926K, committed 7040K, reserved 1048576K
Event: 18188.304 GC heap after
Heap after GC invocations=13 (full 2):
 PSYoungGen      total 146432K, used 448K [0x00000000f5580000, 0x0000000100000000, 0x0000000100000000)
  eden space 145920K, 0% used [0x00000000f5580000,0x00000000f5580000,0x00000000fe400000)
  from space 512K, 87% used [0x00000000fe400000,0x00000000fe470000,0x00000000fe480000)
  to   space 15872K, 0% used [0x00000000ff080000,0x00000000ff080000,0x0000000100000000)
 ParOldGen       total 175104K, used 32788K [0x00000000e0000000, 0x00000000eab00000, 0x00000000f5580000)
  object space 175104K, 18% used [0x00000000e0000000,0x00000000e2005180,0x00000000eab00000)
 Metaspace       used 45573K, capacity 47922K, committed 48256K, reserved 1091584K
  class space    used 6457K, capacity 6926K, committed 7040K, reserved 1048576K
}

Deoptimization events (10 events):
Event: 16.182 Thread 0x000000001b3d6800 Uncommon trap: reason=class_check action=maybe_recompile pc=0x0000000003718620 method=io.spring.gradle.dependencymanagement.org.apache.maven.model.interpolation.StringSearchModelInterpolator$InterpolateObjectAction.interpolateMapField(Ljava/lang/Object;Lj
Event: 16.185 Thread 0x000000001b3d6800 Uncommon trap: reason=unstable_if action=reinterpret pc=0x00000000038b0a58 method=io.spring.gradle.dependencymanagement.org.apache.maven.model.validation.DefaultModelValidator.validateNotNull(Ljava/lang/String;Lio/spring/gradle/dependencymanagement/org/ap
Event: 16.517 Thread 0x000000001b3d6800 Uncommon trap: reason=unstable_if action=reinterpret pc=0x000000000343e3e0 method=io.spring.gradle.dependencymanagement.org.codehaus.plexus.util.xml.pull.MXParser.nextImpl()I @ 1154
Event: 16.645 Thread 0x000000001b3d6800 Uncommon trap: reason=unstable_if action=reinterpret pc=0x00000000037e08a0 method=java.util.HashMap$HashIterator.<init>(Ljava/util/HashMap;)V @ 45
Event: 22.196 Thread 0x000000001b3d6800 Uncommon trap: reason=bimorphic action=maybe_recompile pc=0x00000000038bd454 method=java.util.regex.Pattern$Curly.study(Ljava/util/regex/Pattern$TreeInfo;)Z @ 31
Event: 22.196 Thread 0x000000001b3d6800 Uncommon trap: reason=unstable_if action=reinterpret pc=0x00000000038bd3bc method=java.util.regex.Pattern$Curly.study(Ljava/util/regex/Pattern$TreeInfo;)Z @ 127
Event: 23.747 Thread 0x0000000018677800 Uncommon trap: reason=bimorphic action=maybe_recompile pc=0x0000000003ab975c method=java.util.LinkedList.addAll(ILjava/util/Collection;)Z @ 6
Event: 23.751 Thread 0x0000000018677800 Uncommon trap: reason=bimorphic action=maybe_recompile pc=0x0000000003ab975c method=java.util.LinkedList.addAll(ILjava/util/Collection;)Z @ 6
Event: 33.767 Thread 0x0000000018677800 Uncommon trap: reason=bimorphic action=maybe_recompile pc=0x0000000003ab975c method=java.util.LinkedList.addAll(ILjava/util/Collection;)Z @ 6
Event: 33.778 Thread 0x0000000018677800 Uncommon trap: reason=bimorphic action=maybe_recompile pc=0x0000000003ab975c method=java.util.LinkedList.addAll(ILjava/util/Collection;)Z @ 6

Classes redefined (0 events):
No events

Internal exceptions (10 events):
Event: 13.442 Thread 0x000000001b3d6800 Exception <a 'java/lang/ClassNotFoundException': org/gradle/api/internal/artifacts/configurations/DefaultConfigurationCustomizer> (0x00000000f7bbc3b0) thrown at [C:\re\workspace\8-2-build-windows-amd64-cygwin\jdk8u221\13320\hotspot\src\share\vm\classfile\
Event: 13.445 Thread 0x000000001b3d6800 Exception <a 'java/lang/ClassNotFoundException': org/gradle/api/internal/artifacts/configurations/DefaultConfiguration_DecoratedCustomizer> (0x00000000f7c6abb8) thrown at [C:\re\workspace\8-2-build-windows-amd64-cygwin\jdk8u221\13320\hotspot\src\share\vm\
Event: 14.200 Thread 0x000000001b3d6800 Implicit null exception at 0x00000000036522f7 to 0x0000000003652541
Event: 15.865 Thread 0x000000001b3d6800 Implicit null exception at 0x00000000038ffcbc to 0x0000000003900f81
Event: 16.185 Thread 0x000000001b3d6800 Implicit null exception at 0x00000000038b09ec to 0x00000000038b0a35
Event: 17.057 Thread 0x000000001874b000 Exception <a 'java/lang/NoSuchMethodError': <clinit>> (0x00000000f56d0fb8) thrown at [C:\re\workspace\8-2-build-windows-amd64-cygwin\jdk8u221\13320\hotspot\src\share\vm\prims\jni.cpp, line 1614]
Event: 17.062 Thread 0x000000001874b000 Exception <a 'java/lang/NoSuchMethodError': <clinit>> (0x00000000f56e8068) thrown at [C:\re\workspace\8-2-build-windows-amd64-cygwin\jdk8u221\13320\hotspot\src\share\vm\prims\jni.cpp, line 1614]
Event: 17.062 Thread 0x000000001874b000 Exception <a 'java/lang/NoSuchMethodError': <clinit>> (0x00000000f56e9ba0) thrown at [C:\re\workspace\8-2-build-windows-amd64-cygwin\jdk8u221\13320\hotspot\src\share\vm\prims\jni.cpp, line 1614]
Event: 17.062 Thread 0x000000001874b000 Exception <a 'java/lang/NoSuchMethodError': <clinit>> (0x00000000f56eba48) thrown at [C:\re\workspace\8-2-build-windows-amd64-cygwin\jdk8u221\13320\hotspot\src\share\vm\prims\jni.cpp, line 1614]
Event: 17.809 Thread 0x000000001b3d5000 Exception <a 'java/lang/NoSuchMethodError': java.lang.Object.lambda$comparingInt$7b0bb60$1(Ljava/util/function/ToIntFunction;Ljava/lang/Object;Ljava/lang/Object;)I> (0x00000000f8196a98) thrown at [C:\re\workspace\8-2-build-windows-amd64-cygwin\jdk8u221\13

Events (10 events):
Event: 18154.095 Thread 0x000000001603d000 flushing nmethod 0x0000000002efdd50
Event: 18154.272 Thread 0x0000000016041800 flushing nmethod 0x0000000002fdf610
Event: 18154.287 Thread 0x0000000016041800 flushing nmethod 0x0000000003033550
Event: 18154.298 Thread 0x0000000016041800 flushing nmethod 0x0000000003072b90
Event: 18154.378 Thread 0x000000001603d000 flushing nmethod 0x0000000003118a10
Event: 18154.551 Thread 0x0000000016041800 flushing nmethod 0x00000000032e43d0
Event: 18162.834 Thread 0x000000001603d000 flushing nmethod 0x0000000003afaf10
Event: 18162.835 Thread 0x000000001603d000 flushing nmethod 0x0000000003afb890
Event: 18187.356 Executing VM operation: ParallelGCFailedAllocation
Event: 18188.304 Executing VM operation: ParallelGCFailedAllocation done


Dynamic libraries:
0x00007ff6eda60000 - 0x00007ff6eda97000 	C:\Program Files\Java\jdk1.8.0_221\bin\java.exe
0x00007ffa89be0000 - 0x00007ffa89dcd000 	C:\WINDOWS\SYSTEM32\ntdll.dll
0x00007ffa639b0000 - 0x00007ffa63a21000 	C:\WINDOWS\System32\verifier.dll
0x00007ffa442b0000 - 0x00007ffa443a4000 	C:\WINDOWS\SYSTEM32\PayloadRestrictions.dll
0x00007ffa86680000 - 0x00007ffa8677a000 	C:\WINDOWS\System32\ucrtbase.dll
0x00007ffa86a60000 - 0x00007ffa86cf5000 	C:\WINDOWS\System32\kernelbase.dll
0x00007ffa89af0000 - 0x00007ffa89ba3000 	C:\WINDOWS\System32\kernel32.dll
0x0000000066220000 - 0x00000000662b3000 	C:\WINDOWS\System32\SYSFER.DLL
0x00007ffa89870000 - 0x00007ffa89913000 	C:\WINDOWS\System32\ADVAPI32.dll
0x00007ffa878e0000 - 0x00007ffa8797e000 	C:\WINDOWS\System32\msvcrt.dll
0x00007ffa892c0000 - 0x00007ffa8935e000 	C:\WINDOWS\System32\sechost.dll
0x00007ffa87400000 - 0x00007ffa87522000 	C:\WINDOWS\System32\RPCRT4.dll
0x00007ffa89950000 - 0x00007ffa89ae7000 	C:\WINDOWS\System32\USER32.dll
0x00007ffa85f10000 - 0x00007ffa85f30000 	C:\WINDOWS\System32\win32u.dll
0x00007ffa87980000 - 0x00007ffa879a9000 	C:\WINDOWS\System32\GDI32.dll
0x00007ffa85d50000 - 0x00007ffa85eea000 	C:\WINDOWS\System32\gdi32full.dll
0x00007ffa86d60000 - 0x00007ffa86e00000 	C:\WINDOWS\System32\msvcp_win.dll
0x00007ffa6fbf0000 - 0x00007ffa6fe69000 	C:\WINDOWS\WinSxS\amd64_microsoft.windows.common-controls_6595b64144ccf1df_6.0.17763.1282_none_de75b6f253473c0f\COMCTL32.dll
0x00007ffa870d0000 - 0x00007ffa873fc000 	C:\WINDOWS\System32\combase.dll
0x00007ffa85ca0000 - 0x00007ffa85d1e000 	C:\WINDOWS\System32\bcryptPrimitives.dll
0x00007ffa89920000 - 0x00007ffa8994e000 	C:\WINDOWS\System32\IMM32.DLL
0x00007ffa848d0000 - 0x00007ffa849f1000 	C:\Program Files\Avecto\Privilege Guard Client\PGHook.dll
0x00007ffa87c00000 - 0x00007ffa890f8000 	C:\WINDOWS\System32\shell32.dll
0x00007ffa86830000 - 0x00007ffa8687a000 	C:\WINDOWS\System32\cfgmgr32.dll
0x00007ffa879b0000 - 0x00007ffa87a58000 	C:\WINDOWS\System32\shcore.dll
0x00007ffa85f30000 - 0x00007ffa8667f000 	C:\WINDOWS\System32\windows.storage.dll
0x00007ffa85c70000 - 0x00007ffa85c94000 	C:\WINDOWS\System32\profapi.dll
0x00007ffa85c10000 - 0x00007ffa85c6d000 	C:\WINDOWS\System32\powrprof.dll
0x00007ffa89200000 - 0x00007ffa89252000 	C:\WINDOWS\System32\shlwapi.dll
0x00007ffa85bd0000 - 0x00007ffa85be1000 	C:\WINDOWS\System32\kernel.appcore.dll
0x00007ffa85ef0000 - 0x00007ffa85f07000 	C:\WINDOWS\System32\cryptsp.dll
0x00007ffa84d10000 - 0x00007ffa84d43000 	C:\WINDOWS\system32\rsaenh.dll
0x00007ffa85d20000 - 0x00007ffa85d46000 	C:\WINDOWS\System32\bcrypt.dll
0x00007ffa85560000 - 0x00007ffa8556c000 	C:\WINDOWS\SYSTEM32\CRYPTBASE.dll
0x00000000644c0000 - 0x0000000064592000 	C:\Program Files\Java\jdk1.8.0_221\jre\bin\msvcr100.dll
0x00000000622d0000 - 0x0000000062b75000 	C:\Program Files\Java\jdk1.8.0_221\jre\bin\server\jvm.dll
0x00007ffa897e0000 - 0x00007ffa897e8000 	C:\WINDOWS\System32\PSAPI.DLL
0x00007ffa72410000 - 0x00007ffa72419000 	C:\WINDOWS\SYSTEM32\WSOCK32.dll
0x00007ffa87a60000 - 0x00007ffa87acd000 	C:\WINDOWS\System32\WS2_32.dll
0x00007ffa7bc80000 - 0x00007ffa7bca4000 	C:\WINDOWS\SYSTEM32\WINMM.dll
0x00007ffa72400000 - 0x00007ffa7240a000 	C:\WINDOWS\SYSTEM32\VERSION.dll
0x00007ffa7bc50000 - 0x00007ffa7bc7d000 	C:\WINDOWS\SYSTEM32\WINMMBASE.dll
0x00007ffa750f0000 - 0x00007ffa750ff000 	C:\Program Files\Java\jdk1.8.0_221\jre\bin\verify.dll
0x00007ffa6f940000 - 0x00007ffa6f969000 	C:\Program Files\Java\jdk1.8.0_221\jre\bin\java.dll
0x00007ffa6f8f0000 - 0x00007ffa6f906000 	C:\Program Files\Java\jdk1.8.0_221\jre\bin\zip.dll
0x00007ffa6d080000 - 0x00007ffa6d09a000 	C:\Program Files\Java\jdk1.8.0_221\jre\bin\net.dll
0x00007ffa72040000 - 0x00007ffa72217000 	C:\WINDOWS\SYSTEM32\urlmon.dll
0x00007ffa72820000 - 0x00007ffa72ac8000 	C:\WINDOWS\SYSTEM32\iertutil.dll
0x00007ffa853e0000 - 0x00007ffa85447000 	C:\WINDOWS\system32\mswsock.dll
0x00007ffa6eca0000 - 0x00007ffa6ecb6000 	C:\WINDOWS\system32\napinsp.dll
0x00007ffa6ec80000 - 0x00007ffa6ec9a000 	C:\WINDOWS\system32\pnrpnsp.dll
0x00007ffa85160000 - 0x00007ffa85227000 	C:\WINDOWS\SYSTEM32\DNSAPI.dll
0x00007ffa891f0000 - 0x00007ffa891f8000 	C:\WINDOWS\System32\NSI.dll
0x00007ffa85110000 - 0x00007ffa8514d000 	C:\WINDOWS\SYSTEM32\IPHLPAPI.DLL
0x00007ffa6f030000 - 0x00007ffa6f03e000 	C:\WINDOWS\System32\winrnr.dll
0x00007ffa7ea30000 - 0x00007ffa7ea4b000 	C:\WINDOWS\system32\NLAapi.dll
0x00007ffa77620000 - 0x00007ffa77635000 	C:\WINDOWS\system32\wshbth.dll
0x00007ffa70080000 - 0x00007ffa7008a000 	C:\Windows\System32\rasadhlp.dll
0x00007ffa7b3a0000 - 0x00007ffa7b419000 	C:\WINDOWS\System32\fwpuclnt.dll
0x00007ffa741d0000 - 0x00007ffa741dd000 	C:\Program Files\Java\jdk1.8.0_221\jre\bin\management.dll
0x00007ffa638d0000 - 0x00007ffa638e2000 	C:\Program Files\Java\jdk1.8.0_221\jre\bin\nio.dll
0x00007ffa79b30000 - 0x00007ffa79b57000 	C:\Users\Kaushal.Kumar1\.gradle\native\481b90ef2c2b5ab96622bab5346fdaaafe5c91895d4d4de1c4fe4b2e89a8011f\windows-amd64\native-platform.dll
0x00007ffa85b00000 - 0x00007ffa85b28000 	C:\WINDOWS\SYSTEM32\USERENV.dll
0x00007ffa776a0000 - 0x00007ffa776b6000 	C:\WINDOWS\SYSTEM32\dhcpcsvc6.DLL
0x00007ffa77ec0000 - 0x00007ffa77edc000 	C:\WINDOWS\SYSTEM32\dhcpcsvc.DLL
0x00007ffa7c220000 - 0x00007ffa7c22b000 	C:\WINDOWS\SYSTEM32\WINNSI.DLL
0x00007ffa841a0000 - 0x00007ffa8438d000 	C:\WINDOWS\SYSTEM32\dbghelp.dll

VM Arguments:
jvm_args: -XX:MaxMetaspaceSize=256m -XX:+HeapDumpOnOutOfMemoryError -Xms256m -Xmx512m -Dfile.encoding=windows-1252 -Duser.country=IN -Duser.language=en -Duser.variant 
java_command: org.gradle.launcher.daemon.bootstrap.GradleDaemon 6.4.1
java_class_path (initial): C:\Users\Kaushal.Kumar1\.gradle\wrapper\dists\gradle-6.4.1-bin\33549z180oh3o1s64iwo25l48\gradle-6.4.1\lib\gradle-launcher-6.4.1.jar
Launcher Type: SUN_STANDARD

Environment Variables:
JAVA_HOME=C:\Program Files\Java\jdk1.8.0_221
PATH=C:\WINDOWS\system32;C:\WINDOWS;C:\WINDOWS\System32\Wbem;C:\WINDOWS\System32\WindowsPowerShell\v1.0\;C:\WINDOWS\System32\OpenSSH\;C:\TA\apache-ant-1.8.2\apache-ant-1.8.2\bin;C:\Program Files\Microsoft SQL Server\Client SDK\ODBC\130\Tools\Binn\;C:\Program Files (x86)\Microsoft SQL Server\140\Tools\Binn\;C:\Program Files\Microsoft SQL Server\140\Tools\Binn\;C:\Program Files\Microsoft SQL Server\140\DTS\Binn\;C:\Program Files\Microsoft SQL Server\Client SDK\ODBC\110\Tools\Binn\;C:\Program Files (x86)\Microsoft SQL Server\120\Tools\Binn\;C:\Program Files\Microsoft SQL Server\120\Tools\Binn\;C:\Program Files\Microsoft SQL Server\120\DTS\Binn\;C:\Program Files (x86)\Microsoft SQL Server\120\Tools\Binn\ManagementStudio\;C:\Program Files (x86)\Microsoft SQL Server\120\DTS\Binn\;C:\Program Files\TortoiseSVN\bin;C:\Program Files\Java\jdk1.8.0_221\bin;%M2%;C:\Program Files\MySQL\MySQL Server 8.0\bin;C:\Program Files (x86)\Common Files\Hitachi ID\;C:\Program Files\Common Files\Hitachi ID\;C:\Program Files\TortoiseGit\bin;C:\Program Files\SourceGear\Common\DiffMerge\;C:\Program Files (x86)\Riverbed\Steelhead Mobile\;C:\Program Files\1E\Client\Extensibility\NomadBranch;C:\Program Files\MySQL\MySQL Shell 8.0\bin\;C:\Users\Kaushal.Kumar1\AppData\Local\Microsoft\WindowsApps;C:\Program Files\Java\jdk1.8.0_221\bin;C:\kaushal\new_workspace10032020\apache-maven-3.6.3-bin\apache-maven-3.6.3\bin;C:\kaushal\new_workspace10032020\Git\cmd
USERNAME=Kaushal.Kumar1
OS=Windows_NT
PROCESSOR_IDENTIFIER=Intel64 Family 6 Model 142 Stepping 10, GenuineIntel



---------------  S Y S T E M  ---------------

OS: Windows 10.0 , 64 bit Build 17763 (10.0.17763.1158)

CPU:total 8 (initial active 8) (4 cores per cpu, 2 threads per core) family 6 model 142 stepping 10, cmov, cx8, fxsr, mmx, sse, sse2, sse3, ssse3, sse4.1, sse4.2, popcnt, avx, avx2, aes, clmul, erms, rtm, 3dnowpref, lzcnt, ht, tsc, tscinvbit, bmi1, bmi2, adx

Memory: 4k page, physical 8228040k(258860k free), swap 30710392k(3372964k free)

vm_info: Java HotSpot(TM) 64-Bit Server VM (25.221-b11) for windows-amd64 JRE (1.8.0_221-b11), built on Jul  4 2019 04:39:29 by "java_re" with MS VC++ 10.0 (VS2010)

time: Sat Jul 25 22:46:19 2020
timezone: India Standard Time
elapsed time: 102109 seconds (1d 4h 21m 49s)

